<?xml version="1.0" encoding="UTF-8"?>
<testsuite xmlns:xsi="http://www.w3.org/2001/XMLSchema-instance" xsi:noNamespaceSchemaLocation="https://maven.apache.org/surefire/maven-surefire-plugin/xsd/surefire-test-report.xsd" name="BlockchainTest" time="11.973" tests="3" errors="0" skipped="0" failures="0">
  <properties>
[...]
</properties>
  <testcase name="testChainInvalid" classname="BlockchainTest" time="1.73"/>
  <testcase name="testBlockChainAdd" classname="BlockchainTest" time="10.235"/>
  <testcase name="testBlockChainValidOne" classname="BlockchainTest" time="0"/>
</testsuite>